{
  "0 debug pnpm:scope": {
    "selected": 1
  },
  "1 error pnpm": {
    "errno": 1,
    "code": "ELIFECYCLE",
    "pkgid": "luna@0.0.1",
    "stage": "start",
    "script": "node ./dist/index.js",
    "pkgname": "luna",
    "err": {
      "name": "pnpm",
      "message": "luna@0.0.1 start: `node ./dist/index.js`\nExit status 1",
      "code": "ELIFECYCLE",
      "stack": "pnpm: luna@0.0.1 start: `node ./dist/index.js`\nExit status 1\n    at EventEmitter.<anonymous> (/usr/local/pnpm-global/5/node_modules/.pnpm/pnpm@7.1.0/node_modules/pnpm/dist/pnpm.cjs:106886:20)\n    at EventEmitter.emit (node:events:513:28)\n    at ChildProcess.<anonymous> (/usr/local/pnpm-global/5/node_modules/.pnpm/pnpm@7.1.0/node_modules/pnpm/dist/pnpm.cjs:93455:18)\n    at ChildProcess.emit (node:events:513:28)\n    at maybeClose (node:internal/child_process:1093:16)\n    at Process.ChildProcess._handle.onexit (node:internal/child_process:302:5)"
    }
  },
  "2 warn pnpm:global": " Local package.json exists, but node_modules missing, did you mean to install?"
}